RUN	GoRest.UserSimulation	usersimulation	1637527266460	 	3.6.1
USER	Post User	START	1637527267311
USER	Get User	START	1637527267312
USER	Delete User	START	1637527267314
USER	Put User	START	1637527267313
USER	Get User	START	1637527267803
USER	Put User	START	1637527267803
USER	Delete User	START	1637527267803
USER	Post User	START	1637527267817
USER	Put User	START	1637527268315
USER	Get User	START	1637527268315
USER	Delete User	START	1637527268315
USER	Post User	START	1637527268315
REQUEST		Post User	1637527267342	1637527268594	OK	 
REQUEST		Post User	1637527267342	1637527268691	OK	 
REQUEST		Post User	1637527267342	1637527268796	OK	 
USER	Post User	END	1637527268807
REQUEST		Post User	1637527267342	1637527268894	OK	 
REQUEST		Get User	1637527268635	1637527268986	OK	 
USER	Get User	END	1637527268988
REQUEST		Post User	1637527267805	1637527269092	OK	 
REQUEST		Post User	1637527267805	1637527269189	OK	 
REQUEST		Post User	1637527267805	1637527269302	OK	 
USER	Delete User	START	1637527269313
USER	Put User	START	1637527269313
USER	Get User	START	1637527269313
USER	Post User	START	1637527269313
REQUEST		Delete User	1637527268692	1637527269395	OK	 
USER	Delete User	END	1637527269396
REQUEST		Post User	1637527267817	1637527269492	OK	 
USER	Post User	END	1637527269493
REQUEST		Put User	1637527268894	1637527269591	OK	 
USER	Put User	END	1637527269592
REQUEST		Delete User	1637527269095	1637527269687	OK	 
USER	Delete User	END	1637527269687
REQUEST		Post User	1637527268315	1637527269791	OK	 
REQUEST		Post User	1637527268315	1637527269895	OK	 
REQUEST		Post User	1637527268315	1637527269990	OK	 
REQUEST		Post User	1637527268315	1637527270098	OK	 
USER	Post User	END	1637527270100
REQUEST		Put User	1637527269190	1637527270191	OK	 
USER	Put User	END	1637527270192
REQUEST		Get User	1637527269302	1637527270302	OK	 
USER	Get User	END	1637527270304
USER	Post User	START	1637527270318
USER	Put User	START	1637527270318
USER	Get User	START	1637527270318
USER	Delete User	START	1637527270318
REQUEST		Put User	1637527269792	1637527270391	OK	 
USER	Put User	END	1637527270392
REQUEST		Get User	1637527269895	1637527270487	OK	 
USER	Get User	END	1637527270489
REQUEST		Delete User	1637527269993	1637527270592	OK	 
USER	Delete User	END	1637527270594
REQUEST		Post User	1637527269314	1637527270691	OK	 
REQUEST		Post User	1637527269314	1637527270788	OK	 
USER	Post User	END	1637527270789
REQUEST		Post User	1637527269314	1637527270898	OK	 
REQUEST		Post User	1637527269314	1637527270996	OK	 
REQUEST		Get User	1637527270692	1637527271084	OK	 
USER	Get User	END	1637527271085
REQUEST		Put User	1637527270900	1637527271211	OK	 
USER	Put User	END	1637527271212
USER	Get User	START	1637527271307
USER	Delete User	START	1637527271307
USER	Post User	START	1637527271307
USER	Put User	START	1637527271307
REQUEST		Delete User	1637527270997	1637527271309	OK	 
USER	Delete User	END	1637527271310
REQUEST		Post User	1637527270318	1637527271497	OK	 
USER	Post User	END	1637527271499
REQUEST		Post User	1637527270318	1637527271594	OK	 
REQUEST		Post User	1637527270318	1637527271691	OK	 
REQUEST		Post User	1637527270318	1637527271795	OK	 
REQUEST		Delete User	1637527271597	1637527271902	OK	 
USER	Delete User	END	1637527271903
REQUEST		Put User	1637527271692	1637527272001	OK	 
USER	Put User	END	1637527272001
REQUEST		Get User	1637527271798	1637527272103	OK	 
USER	Get User	END	1637527272103
USER	Get User	START	1637527272315
USER	Put User	START	1637527272314
USER	Delete User	START	1637527272314
USER	Post User	START	1637527272315
REQUEST		Post User	1637527271308	1637527272462	OK	 
USER	Post User	END	1637527272465
REQUEST		Post User	1637527271308	1637527272566	OK	 
REQUEST		Post User	1637527271308	1637527272664	OK	 
REQUEST		Post User	1637527271308	1637527272764	OK	 
USER	Get User	START	1637527272812
USER	Put User	START	1637527272812
USER	Delete User	START	1637527272812
USER	Post User	START	1637527272813
REQUEST		Get User	1637527272568	1637527272864	OK	 
USER	Get User	END	1637527272866
REQUEST		Put User	1637527272664	1637527272967	OK	 
USER	Put User	END	1637527272969
REQUEST		Delete User	1637527272768	1637527273073	OK	 
USER	Delete User	END	1637527273074
USER	Post User	START	1637527273322
USER	Get User	START	1637527273322
USER	Put User	START	1637527273323
USER	Delete User	START	1637527273323
REQUEST		Post User	1637527272316	1637527273495	OK	 
USER	Post User	END	1637527273498
REQUEST		Post User	1637527272315	1637527273603	OK	 
REQUEST		Post User	1637527272315	1637527273697	OK	 
REQUEST		Post User	1637527272315	1637527273802	OK	 
REQUEST		Delete User	1637527273605	1637527273913	OK	 
USER	Delete User	END	1637527273914
REQUEST		Post User	1637527272813	1637527274010	OK	 
REQUEST		Post User	1637527272814	1637527274108	OK	 
USER	Post User	END	1637527274110
REQUEST		Post User	1637527272813	1637527274211	OK	 
USER	Post User	START	1637527274311
USER	Get User	START	1637527274311
USER	Put User	START	1637527274311
USER	Delete User	START	1637527274311
REQUEST		Post User	1637527272813	1637527274314	OK	 
REQUEST		Get User	1637527273699	1637527274409	OK	 
USER	Get User	END	1637527274409
REQUEST		Put User	1637527273804	1637527274508	OK	 
USER	Put User	END	1637527274508
REQUEST		Get User	1637527274011	1637527274609	OK	 
USER	Get User	END	1637527274611
REQUEST		Post User	1637527273324	1637527274707	OK	 
REQUEST		Post User	1637527273323	1637527274811	OK	 
REQUEST		Post User	1637527273323	1637527274908	OK	 
USER	Post User	END	1637527274908
REQUEST		Post User	1637527273323	1637527275014	OK	 
REQUEST		Delete User	1637527274212	1637527275115	OK	 
USER	Delete User	END	1637527275116
REQUEST		Put User	1637527274316	1637527275212	OK	 
USER	Put User	END	1637527275212
USER	Get User	START	1637527275308
USER	Put User	START	1637527275308
USER	Delete User	START	1637527275308
USER	Post User	START	1637527275308
REQUEST		Delete User	1637527274710	1637527275311	OK	 
USER	Delete User	END	1637527275312
REQUEST		Get User	1637527274813	1637527275406	OK	 
USER	Get User	END	1637527275406
REQUEST		Put User	1637527275016	1637527275515	OK	 
USER	Put User	END	1637527275517
REQUEST		Post User	1637527274313	1637527275611	OK	 
REQUEST		Post User	1637527274313	1637527275711	OK	 
REQUEST		Post User	1637527274313	1637527275817	OK	 
REQUEST		Put User	1637527275613	1637527275912	OK	 
USER	Put User	END	1637527275912
REQUEST		Get User	1637527275713	1637527276011	OK	 
USER	Get User	END	1637527276011
REQUEST		Delete User	1637527275818	1637527276128	OK	 
USER	Delete User	END	1637527276130
REQUEST		Post User	1637527274313	1637527276266	OK	 
USER	Post User	END	1637527276268
USER	Get User	START	1637527276314
USER	Put User	START	1637527276314
USER	Post User	START	1637527276314
USER	Delete User	START	1637527276315
REQUEST		Post User	1637527275308	1637527276481	OK	 
REQUEST		Post User	1637527275309	1637527276580	OK	 
REQUEST		Post User	1637527275308	1637527276682	OK	 
USER	Post User	END	1637527276684
REQUEST		Post User	1637527275309	1637527276786	OK	 
REQUEST		Delete User	1637527276483	1637527276884	OK	 
USER	Delete User	END	1637527276886
REQUEST		Put User	1637527276582	1637527276982	OK	 
USER	Put User	END	1637527276983
REQUEST		Get User	1637527276787	1637527277095	OK	 
USER	Get User	END	1637527277096
USER	Post User	START	1637527277312
USER	Put User	START	1637527277312
USER	Get User	START	1637527277312
USER	Delete User	START	1637527277312
REQUEST		Post User	1637527276315	1637527277486	OK	 
REQUEST		Post User	1637527276315	1637527277580	OK	 
USER	Post User	END	1637527277581
REQUEST		Post User	1637527276315	1637527277680	OK	 
REQUEST		Post User	1637527276316	1637527277788	OK	 
USER	Get User	START	1637527277809
USER	Post User	START	1637527277809
USER	Put User	START	1637527277810
USER	Delete User	START	1637527277810
REQUEST		Get User	1637527277487	1637527277878	OK	 
USER	Get User	END	1637527277879
REQUEST		Put User	1637527277680	1637527277986	OK	 
USER	Put User	END	1637527277988
REQUEST		Delete User	1637527277790	1637527278101	OK	 
USER	Delete User	END	1637527278102
USER	Post User	START	1637527278306
USER	Delete User	START	1637527278306
USER	Get User	START	1637527278306
USER	Put User	START	1637527278307
REQUEST		Post User	1637527277313	1637527278455	OK	 
USER	Post User	END	1637527278455
REQUEST		Post User	1637527277313	1637527278561	OK	 
REQUEST		Post User	1637527277313	1637527278661	OK	 
REQUEST		Post User	1637527277313	1637527278761	OK	 
REQUEST		Get User	1637527278563	1637527278862	OK	 
USER	Get User	END	1637527278863
REQUEST		Put User	1637527278662	1637527278973	OK	 
USER	Put User	END	1637527278974
REQUEST		Post User	1637527277811	1637527279067	OK	 
REQUEST		Post User	1637527277810	1637527279165	OK	 
REQUEST		Post User	1637527277810	1637527279268	OK	 
USER	Delete User	START	1637527279310
USER	Get User	START	1637527279310
USER	Put User	START	1637527279310
USER	Post User	START	1637527279310
REQUEST		Post User	1637527277810	1637527279379	OK	 
USER	Post User	END	1637527279379
REQUEST		Delete User	1637527278763	1637527279474	OK	 
USER	Delete User	END	1637527279475
REQUEST		Delete User	1637527279068	1637527279566	OK	 
USER	Delete User	END	1637527279566
REQUEST		Get User	1637527279166	1637527279663	OK	 
USER	Get User	END	1637527279663
REQUEST		Post User	1637527278307	1637527279777	OK	 
REQUEST		Post User	1637527278308	1637527279867	OK	 
REQUEST		Post User	1637527278307	1637527279973	OK	 
USER	Post User	END	1637527279973
REQUEST		Post User	1637527278307	1637527280074	OK	 
REQUEST		Put User	1637527279270	1637527280170	OK	 
USER	Put User	END	1637527280172
REQUEST		Delete User	1637527279778	1637527280280	OK	 
USER	Delete User	END	1637527280281
USER	Put User	START	1637527280312
USER	Delete User	START	1637527280312
USER	Post User	START	1637527280312
USER	Get User	START	1637527280312
REQUEST		Put User	1637527279868	1637527280368	OK	 
USER	Put User	END	1637527280369
REQUEST		Get User	1637527280074	1637527280465	OK	 
USER	Get User	END	1637527280465
REQUEST		Post User	1637527279311	1637527280566	OK	 
REQUEST		Post User	1637527279311	1637527280667	OK	 
REQUEST		Post User	1637527279311	1637527280765	OK	 
REQUEST		Post User	1637527279311	1637527280870	OK	 
USER	Post User	END	1637527280870
REQUEST		Delete User	1637527280568	1637527280967	OK	 
USER	Delete User	END	1637527280967
REQUEST		Get User	1637527280668	1637527281066	OK	 
USER	Get User	END	1637527281068
REQUEST		Put User	1637527280766	1637527281168	OK	 
USER	Put User	END	1637527281169
USER	Delete User	START	1637527281314
USER	Get User	START	1637527281314
USER	Put User	START	1637527281315
USER	Post User	START	1637527281317
REQUEST		Post User	1637527280313	1637527281467	OK	 
REQUEST		Post User	1637527280313	1637527281567	OK	 
USER	Post User	END	1637527281567
REQUEST		Post User	1637527280313	1637527281667	OK	 
REQUEST		Post User	1637527280313	1637527281776	OK	 
REQUEST		Put User	1637527281468	1637527281880	OK	 
USER	Put User	END	1637527281880
REQUEST		Delete User	1637527281669	1637527281974	OK	 
USER	Delete User	END	1637527281976
REQUEST		Get User	1637527281777	1637527282082	OK	 
USER	Get User	END	1637527282083
USER	Post User	START	1637527282318
USER	Put User	START	1637527282318
USER	Delete User	START	1637527282319
USER	Get User	START	1637527282318
REQUEST		Post User	1637527281315	1637527282482	OK	 
REQUEST		Post User	1637527281315	1637527282585	OK	 
REQUEST		Post User	1637527281315	1637527282687	OK	 
REQUEST		Post User	1637527281317	1637527282790	OK	 
USER	Post User	END	1637527282791
USER	Post User	START	1637527282811
USER	Put User	START	1637527282811
USER	Get User	START	1637527282811
USER	Delete User	START	1637527282811
REQUEST		Delete User	1637527282482	1637527282882	OK	 
USER	Delete User	END	1637527282884
REQUEST		Get User	1637527282587	1637527282982	OK	 
USER	Get User	END	1637527282983
REQUEST		Put User	1637527282687	1637527283088	OK	 
USER	Put User	END	1637527283089
USER	Delete User	START	1637527283308
USER	Put User	START	1637527283307
USER	Get User	START	1637527283307
USER	Post User	START	1637527283307
REQUEST		Post User	1637527282319	1637527283481	OK	 
REQUEST		Post User	1637527282319	1637527283587	OK	 
USER	Post User	END	1637527283588
REQUEST		Post User	1637527282319	1637527283677	OK	 
REQUEST		Post User	1637527282319	1637527283781	OK	 
REQUEST		Put User	1637527283483	1637527283880	OK	 
USER	Put User	END	1637527283882
REQUEST		Post User	1637527282811	1637527283981	OK	 
REQUEST		Post User	1637527282811	1637527284079	OK	 
REQUEST		Post User	1637527282811	1637527284175	OK	 
USER	Post User	END	1637527284175
REQUEST		Post User	1637527282811	1637527284278	OK	 
USER	Get User	START	1637527284303
USER	Delete User	START	1637527284303
USER	Put User	START	1637527284303
USER	Post User	START	1637527284303
REQUEST		Get User	1637527283679	1637527284370	OK	 
USER	Get User	END	1637527284371
REQUEST		Delete User	1637527283781	1637527284477	OK	 
USER	Delete User	END	1637527284478
REQUEST		Delete User	1637527283982	1637527284579	OK	 
USER	Delete User	END	1637527284581
REQUEST		Put User	1637527284079	1637527284679	OK	 
USER	Put User	END	1637527284681
REQUEST		Post User	1637527283308	1637527284780	OK	 
USER	Post User	END	1637527284783
REQUEST		Post User	1637527283308	1637527284882	OK	 
REQUEST		Post User	1637527283308	1637527284978	OK	 
REQUEST		Post User	1637527283308	1637527285085	OK	 
REQUEST		Get User	1637527284279	1637527285173	OK	 
USER	Get User	END	1637527285174
REQUEST		Delete User	1637527284883	1637527285277	OK	 
USER	Delete User	END	1637527285279
USER	Post User	START	1637527285310
USER	Get User	START	1637527285310
USER	Put User	START	1637527285310
USER	Delete User	START	1637527285310
REQUEST		Get User	1637527284980	1637527285376	OK	 
USER	Get User	END	1637527285378
REQUEST		Put User	1637527285087	1637527285490	OK	 
USER	Put User	END	1637527285492
REQUEST		Post User	1637527284304	1637527285578	OK	 
USER	Post User	END	1637527285579
REQUEST		Post User	1637527284304	1637527285677	OK	 
REQUEST		Post User	1637527284304	1637527285784	OK	 
REQUEST		Post User	1637527284304	1637527285878	OK	 
REQUEST		Delete User	1637527285679	1637527285981	OK	 
USER	Delete User	END	1637527285982
REQUEST		Put User	1637527285785	1637527286091	OK	 
USER	Put User	END	1637527286093
REQUEST		Get User	1637527285880	1637527286181	OK	 
USER	Get User	END	1637527286183
USER	Post User	START	1637527286326
USER	Put User	START	1637527286327
USER	Get User	START	1637527286326
USER	Delete User	START	1637527286327
REQUEST		Post User	1637527285311	1637527286475	OK	 
REQUEST		Post User	1637527285311	1637527286583	OK	 
REQUEST		Post User	1637527285311	1637527286678	OK	 
USER	Post User	END	1637527286679
REQUEST		Post User	1637527285311	1637527286774	OK	 
REQUEST		Get User	1637527286476	1637527286872	OK	 
USER	Get User	END	1637527286873
REQUEST		Delete User	1637527286583	1637527286981	OK	 
USER	Delete User	END	1637527286981
REQUEST		Put User	1637527286776	1637527287087	OK	 
USER	Put User	END	1637527287088
USER	Post User	START	1637527287314
USER	Get User	START	1637527287314
USER	Delete User	START	1637527287314
USER	Put User	START	1637527287314
REQUEST		Post User	1637527286327	1637527287493	OK	 
USER	Post User	END	1637527287495
REQUEST		Post User	1637527286327	1637527287587	OK	 
REQUEST		Post User	1637527286327	1637527287693	OK	 
REQUEST		Post User	1637527286328	1637527287800	OK	 
USER	Delete User	START	1637527287811
USER	Put User	START	1637527287811
USER	Get User	START	1637527287811
USER	Post User	START	1637527287811
REQUEST		Put User	1637527287588	1637527287894	OK	 
USER	Put User	END	1637527287895
REQUEST		Get User	1637527287695	1637527287996	OK	 
USER	Get User	END	1637527287998
REQUEST		Delete User	1637527287800	1637527288111	OK	 
USER	Delete User	END	1637527288113
USER	Post User	START	1637527288322
USER	Delete User	START	1637527288322
USER	Put User	START	1637527288322
USER	Get User	START	1637527288322
REQUEST		Post User	1637527287314	1637527288474	OK	 
REQUEST		Post User	1637527287314	1637527288582	OK	 
USER	Post User	END	1637527288584
REQUEST		Post User	1637527287314	1637527288680	OK	 
REQUEST		Post User	1637527287314	1637527288783	OK	 
REQUEST		Put User	1637527288475	1637527288876	OK	 
USER	Put User	END	1637527288877
REQUEST		Post User	1637527287811	1637527288974	OK	 
REQUEST		Post User	1637527287811	1637527289077	OK	 
REQUEST		Post User	1637527287811	1637527289175	OK	 
REQUEST		Post User	1637527287811	1637527289276	OK	 
USER	Post User	END	1637527289277
USER	Put User	START	1637527289313
USER	Get User	START	1637527289313
USER	Delete User	START	1637527289313
USER	Post User	START	1637527289313
REQUEST		Get User	1637527288681	1637527289376	OK	 
USER	Get User	END	1637527289376
REQUEST		Delete User	1637527288785	1637527289478	OK	 
USER	Delete User	END	1637527289478
REQUEST		Delete User	1637527288976	1637527289572	OK	 
USER	Delete User	END	1637527289573
REQUEST		Put User	1637527289078	1637527289677	OK	 
USER	Put User	END	1637527289678
REQUEST		Get User	1637527289175	1637527289770	OK	 
USER	Get User	END	1637527289771
REQUEST		Post User	1637527288322	1637527289870	OK	 
USER	Post User	END	1637527289870
REQUEST		Post User	1637527288322	1637527289973	OK	 
REQUEST		Post User	1637527288322	1637527290074	OK	 
REQUEST		Post User	1637527288322	1637527290177	OK	 
REQUEST		Put User	1637527289975	1637527290277	OK	 
USER	Put User	END	1637527290279
USER	Put User	START	1637527290303
USER	Post User	START	1637527290303
USER	Delete User	START	1637527290303
USER	Get User	START	1637527290304
REQUEST		Delete User	1637527290075	1637527290378	OK	 
USER	Delete User	END	1637527290379
REQUEST		Get User	1637527290179	1637527290479	OK	 
USER	Get User	END	1637527290479
REQUEST		Post User	1637527289313	1637527290584	OK	 
REQUEST		Post User	1637527289313	1637527290691	OK	 
REQUEST		Post User	1637527289313	1637527290785	OK	 
REQUEST		Post User	1637527289313	1637527290889	OK	 
USER	Post User	END	1637527290890
REQUEST		Get User	1637527290585	1637527290980	OK	 
USER	Get User	END	1637527290980
REQUEST		Put User	1637527290692	1637527291087	OK	 
USER	Put User	END	1637527291088
REQUEST		Delete User	1637527290787	1637527291196	OK	 
USER	Delete User	END	1637527291196
USER	Get User	START	1637527291303
USER	Delete User	START	1637527291303
USER	Put User	START	1637527291303
USER	Post User	START	1637527291303
REQUEST		Post User	1637527290304	1637527291481	OK	 
REQUEST		Post User	1637527290304	1637527291584	OK	 
USER	Post User	END	1637527291585
REQUEST		Post User	1637527290304	1637527291682	OK	 
REQUEST		Post User	1637527290304	1637527291780	OK	 
REQUEST		Get User	1637527291482	1637527291880	OK	 
USER	Get User	END	1637527291880
REQUEST		Put User	1637527291684	1637527291992	OK	 
USER	Put User	END	1637527291993
REQUEST		Delete User	1637527291781	1637527292094	OK	 
USER	Delete User	END	1637527292095
REQUEST		Post User	1637527291303	1637527292443	OK	 
USER	Post User	END	1637527292444
REQUEST		Post User	1637527291303	1637527292541	OK	 
REQUEST		Post User	1637527291303	1637527292646	OK	 
REQUEST		Post User	1637527291303	1637527292747	OK	 
REQUEST		Delete User	1637527292541	1637527292841	OK	 
USER	Delete User	END	1637527292843
REQUEST		Get User	1637527292648	1637527292946	OK	 
USER	Get User	END	1637527292947
REQUEST		Put User	1637527292747	1637527293058	OK	 
USER	Put User	END	1637527293059
